# JRE version: OpenJDK Runtime Environment (17.0.11) (build 17.0.11+0--11852314)
# Java VM: OpenJDK 64-Bit Server VM (17.0.11+0--11852314, mixed mode, tiered, compressed oops, compressed class ptrs, g1 gc, windows-amd64)
GC Precious Log:
 CPUs: 4 total, 4 available
 Memory: 8089M
 Large Page Support: Disabled
 NUMA Support: Disabled
 Compressed Oops: Enabled (32-bit)
 Heap Region Size: 1M
 Heap Min Capacity: 8M
 Heap Initial Capacity: 128M
 Heap Max Capacity: 2G
 Pre-touch: Disabled
 Parallel Workers: 4
 Concurrent Workers: 1
 Concurrent Refinement Workers: 4
 Periodic GC: Disabled
Heap:
 garbage-first heap   total 134144K, used 76342K [0x0000000080000000, 0x0000000100000000)
  region size 1024K, 1 young (1024K), 1 survivors (1024K)
 Metaspace       used 69447K, committed 70144K, reserved 1114112K
  class space    used 9343K, committed 9664K, reserved 1048576K
GC Heap History (20 events):
Event: 10.704 GC heap after
{Heap after GC invocations=16 (full 0):
 garbage-first heap   total 86016K, used 39962K [0x0000000080000000, 0x0000000100000000)
  region size 1024K, 5 young (5120K), 5 survivors (5120K)
 Metaspace       used 58601K, committed 59136K, reserved 1114112K
  class space    used 7948K, committed 8192K, reserved 1048576K
}
Event: 11.485 GC heap before
{Heap before GC invocations=16 (full 0):
 garbage-first heap   total 86016K, used 67610K [0x0000000080000000, 0x0000000100000000)
  region size 1024K, 33 young (33792K), 5 survivors (5120K)
 Metaspace       used 59535K, committed 60032K, reserved 1114112K
  class space    used 8046K, committed 8256K, reserved 1048576K
}
Event: 11.500 GC heap after
{Heap after GC invocations=17 (full 0):
 garbage-first heap   total 86016K, used 44461K [0x0000000080000000, 0x0000000100000000)
  region size 1024K, 5 young (5120K), 5 survivors (5120K)
 Metaspace       used 59535K, committed 60032K, reserved 1114112K
  class space    used 8046K, committed 8256K, reserved 1048576K
}
Event: 11.795 GC heap before
{Heap before GC invocations=17 (full 0):
 garbage-first heap   total 86016K, used 66989K [0x0000000080000000, 0x0000000100000000)
  region size 1024K, 28 young (28672K), 5 survivors (5120K)
 Metaspace       used 59712K, committed 60224K, reserved 1114112K
  class space    used 8048K, committed 8256K, reserved 1048576K
}
Event: 11.806 GC heap after
{Heap after GC invocations=18 (full 0):
 garbage-first heap   total 86016K, used 46145K [0x0000000080000000, 0x0000000100000000)
  region size 1024K, 3 young (3072K), 3 survivors (3072K)
 Metaspace       used 59712K, committed 60224K, reserved 1114112K
  class space    used 8048K, committed 8256K, reserved 1048576K
}
Event: 12.202 GC heap before
{Heap before GC invocations=19 (full 0):
 garbage-first heap   total 86016K, used 76865K [0x0000000080000000, 0x0000000100000000)
  region size 1024K, 22 young (22528K), 3 survivors (3072K)
 Metaspace       used 60094K, committed 60736K, reserved 1114112K
  class space    used 8104K, committed 8384K, reserved 1048576K
}
Event: 12.210 GC heap after
{Heap after GC invocations=20 (full 0):
 garbage-first heap   total 89088K, used 65332K [0x0000000080000000, 0x0000000100000000)
  region size 1024K, 3 young (3072K), 3 survivors (3072K)
 Metaspace       used 60094K, committed 60736K, reserved 1114112K
  class space    used 8104K, committed 8384K, reserved 1048576K
}
Event: 12.234 GC heap before
{Heap before GC invocations=20 (full 0):
 garbage-first heap   total 89088K, used 66356K [0x0000000080000000, 0x0000000100000000)
  region size 1024K, 4 young (4096K), 3 survivors (3072K)
 Metaspace       used 60165K, committed 60864K, reserved 1114112K
  class space    used 8125K, committed 8448K, reserved 1048576K
}
Event: 12.237 GC heap after
{Heap after GC invocations=21 (full 0):
 garbage-first heap   total 107520K, used 65920K [0x0000000080000000, 0x0000000100000000)
  region size 1024K, 1 young (1024K), 1 survivors (1024K)
 Metaspace       used 60165K, committed 60864K, reserved 1114112K
  class space    used 8125K, committed 8448K, reserved 1048576K
}
Event: 12.492 GC heap before
{Heap before GC invocations=21 (full 0):
 garbage-first heap   total 107520K, used 82304K [0x0000000080000000, 0x0000000100000000)
  region size 1024K, 18 young (18432K), 1 survivors (1024K)
 Metaspace       used 61355K, committed 62016K, reserved 1114112K
  class space    used 8268K, committed 8576K, reserved 1048576K
}
Event: 12.494 GC heap after
{Heap after GC invocations=22 (full 0):
 garbage-first heap   total 107520K, used 67370K [0x0000000080000000, 0x0000000100000000)
  region size 1024K, 2 young (2048K), 2 survivors (2048K)
 Metaspace       used 61355K, committed 62016K, reserved 1114112K
  class space    used 8268K, committed 8576K, reserved 1048576K
}
Event: 12.909 GC heap before
{Heap before GC invocations=23 (full 0):
 garbage-first heap   total 122880K, used 84778K [0x0000000080000000, 0x0000000100000000)
  region size 1024K, 19 young (19456K), 2 survivors (2048K)
 Metaspace       used 62767K, committed 63360K, reserved 1114112K
  class space    used 8485K, committed 8768K, reserved 1048576K
}
Event: 12.913 GC heap after
{Heap after GC invocations=24 (full 0):
 garbage-first heap   total 122880K, used 67313K [0x0000000080000000, 0x0000000100000000)
  region size 1024K, 2 young (2048K), 2 survivors (2048K)
 Metaspace       used 62767K, committed 63360K, reserved 1114112K
  class space    used 8485K, committed 8768K, reserved 1048576K
}
Event: 12.999 GC heap before
{Heap before GC invocations=24 (full 0):
 garbage-first heap   total 122880K, used 70385K [0x0000000080000000, 0x0000000100000000)
  region size 1024K, 6 young (6144K), 2 survivors (2048K)
 Metaspace       used 63146K, committed 63744K, reserved 1114112K
  class space    used 8529K, committed 8832K, reserved 1048576K
}
Event: 13.004 GC heap after
{Heap after GC invocations=25 (full 0):
 garbage-first heap   total 122880K, used 66933K [0x0000000080000000, 0x0000000100000000)
  region size 1024K, 1 young (1024K), 1 survivors (1024K)
 Metaspace       used 63146K, committed 63744K, reserved 1114112K
  class space    used 8529K, committed 8832K, reserved 1048576K
}
Event: 13.646 GC heap before
{Heap before GC invocations=25 (full 0):
 garbage-first heap   total 122880K, used 98677K [0x0000000080000000, 0x0000000100000000)
  region size 1024K, 32 young (32768K), 1 survivors (1024K)
 Metaspace       used 66172K, committed 66752K, reserved 1114112K
  class space    used 8866K, committed 9152K, reserved 1048576K
}
Event: 13.650 GC heap after
{Heap after GC invocations=26 (full 0):
 garbage-first heap   total 122880K, used 67646K [0x0000000080000000, 0x0000000100000000)
  region size 1024K, 2 young (2048K), 2 survivors (2048K)
 Metaspace       used 66172K, committed 66752K, reserved 1114112K
  class space    used 8866K, committed 9152K, reserved 1048576K
}
Event: 14.402 GC heap before
{Heap before GC invocations=27 (full 0):
 garbage-first heap   total 122880K, used 104510K [0x0000000080000000, 0x0000000100000000)
  region size 1024K, 34 young (34816K), 2 survivors (2048K)
 Metaspace       used 69447K, committed 70144K, reserved 1114112K
  class space    used 9343K, committed 9664K, reserved 1048576K
}
Event: 14.410 GC heap after
{Heap after GC invocations=28 (full 0):
 garbage-first heap   total 122880K, used 75168K [0x0000000080000000, 0x0000000100000000)
  region size 1024K, 5 young (5120K), 5 survivors (5120K)
 Metaspace       used 69447K, committed 70144K, reserved 1114112K
  class space    used 9343K, committed 9664K, reserved 1048576K
}
Event: 14.417 GC heap before
{Heap before GC invocations=28 (full 0):
 garbage-first heap   total 122880K, used 78240K [0x0000000080000000, 0x0000000100000000)
  region size 1024K, 6 young (6144K), 5 survivors (5120K)
 Metaspace       used 69447K, committed 70144K, reserved 1114112K
  class space    used 9343K, committed 9664K, reserved 1048576K
}

