# JRE version: OpenJDK Runtime Environment (17.0.11) (build 17.0.11+0--11852314)
# Java VM: OpenJDK 64-Bit Server VM (17.0.11+0--11852314, mixed mode, tiered, compressed oops, compressed class ptrs, g1 gc, windows-amd64)
GC Precious Log:
 CPUs: 4 total, 4 available
 Memory: 8089M
 Large Page Support: Disabled
 NUMA Support: Disabled
 Compressed Oops: Enabled (32-bit)
 Heap Region Size: 1M
 Heap Min Capacity: 8M
 Heap Initial Capacity: 128M
 Heap Max Capacity: 2G
 Pre-touch: Disabled
 Parallel Workers: 4
 Concurrent Workers: 1
 Concurrent Refinement Workers: 4
 Periodic GC: Disabled
Heap:
 garbage-first heap   total 335872K, used 129959K [0x0000000080000000, 0x0000000100000000)
  region size 1024K, 27 young (27648K), 1 survivors (1024K)
 Metaspace       used 76565K, committed 77312K, reserved 1179648K
  class space    used 10332K, committed 10688K, reserved 1048576K
GC Heap History (20 events):
Event: 12.267 GC heap before
{Heap before GC invocations=29 (full 0):
 garbage-first heap   total 126976K, used 96210K [0x0000000080000000, 0x0000000100000000)
  region size 1024K, 28 young (28672K), 4 survivors (4096K)
 Metaspace       used 59787K, committed 60480K, reserved 1114112K
  class space    used 8195K, committed 8512K, reserved 1048576K
}
Event: 12.276 GC heap after
{Heap after GC invocations=30 (full 0):
 garbage-first heap   total 126976K, used 73474K [0x0000000080000000, 0x0000000100000000)
  region size 1024K, 4 young (4096K), 4 survivors (4096K)
 Metaspace       used 59787K, committed 60480K, reserved 1114112K
  class space    used 8195K, committed 8512K, reserved 1048576K
}
Event: 13.045 GC heap before
{Heap before GC invocations=31 (full 0):
 garbage-first heap   total 130048K, used 97026K [0x0000000080000000, 0x0000000100000000)
  region size 1024K, 28 young (28672K), 4 survivors (4096K)
 Metaspace       used 63838K, committed 64448K, reserved 1114112K
  class space    used 8701K, committed 8960K, reserved 1048576K
}
Event: 13.054 GC heap after
{Heap after GC invocations=32 (full 0):
 garbage-first heap   total 130048K, used 75675K [0x0000000080000000, 0x0000000100000000)
  region size 1024K, 4 young (4096K), 4 survivors (4096K)
 Metaspace       used 63838K, committed 64448K, reserved 1114112K
  class space    used 8701K, committed 8960K, reserved 1048576K
}
Event: 13.138 GC heap before
{Heap before GC invocations=32 (full 0):
 garbage-first heap   total 130048K, used 77723K [0x0000000080000000, 0x0000000100000000)
  region size 1024K, 6 young (6144K), 4 survivors (4096K)
 Metaspace       used 64539K, committed 65216K, reserved 1114112K
  class space    used 8794K, committed 9088K, reserved 1048576K
}
Event: 13.144 GC heap after
{Heap after GC invocations=33 (full 0):
 garbage-first heap   total 130048K, used 75878K [0x0000000080000000, 0x0000000100000000)
  region size 1024K, 1 young (1024K), 1 survivors (1024K)
 Metaspace       used 64539K, committed 65216K, reserved 1114112K
  class space    used 8794K, committed 9088K, reserved 1048576K
}
Event: 14.884 GC heap before
{Heap before GC invocations=33 (full 0):
 garbage-first heap   total 130048K, used 101478K [0x0000000080000000, 0x0000000100000000)
  region size 1024K, 27 young (27648K), 1 survivors (1024K)
 Metaspace       used 68552K, committed 69184K, reserved 1114112K
  class space    used 9316K, committed 9600K, reserved 1048576K
}
Event: 14.895 GC heap after
{Heap after GC invocations=34 (full 0):
 garbage-first heap   total 156672K, used 79158K [0x0000000080000000, 0x0000000100000000)
  region size 1024K, 4 young (4096K), 4 survivors (4096K)
 Metaspace       used 68552K, committed 69184K, reserved 1114112K
  class space    used 9316K, committed 9600K, reserved 1048576K
}
Event: 15.654 GC heap before
{Heap before GC invocations=35 (full 0):
 garbage-first heap   total 156672K, used 117046K [0x0000000080000000, 0x0000000100000000)
  region size 1024K, 42 young (43008K), 4 survivors (4096K)
 Metaspace       used 69118K, committed 69824K, reserved 1114112K
  class space    used 9352K, committed 9664K, reserved 1048576K
}
Event: 15.665 GC heap after
{Heap after GC invocations=36 (full 0):
 garbage-first heap   total 156672K, used 82872K [0x0000000080000000, 0x0000000100000000)
  region size 1024K, 4 young (4096K), 4 survivors (4096K)
 Metaspace       used 69118K, committed 69824K, reserved 1114112K
  class space    used 9352K, committed 9664K, reserved 1048576K
}
Event: 15.707 GC heap before
{Heap before GC invocations=36 (full 0):
 garbage-first heap   total 156672K, used 85944K [0x0000000080000000, 0x0000000100000000)
  region size 1024K, 7 young (7168K), 4 survivors (4096K)
 Metaspace       used 69140K, committed 69824K, reserved 1114112K
  class space    used 9352K, committed 9664K, reserved 1048576K
}
Event: 15.721 GC heap after
{Heap after GC invocations=37 (full 0):
 garbage-first heap   total 156672K, used 82941K [0x0000000080000000, 0x0000000100000000)
  region size 1024K, 1 young (1024K), 1 survivors (1024K)
 Metaspace       used 69140K, committed 69824K, reserved 1114112K
  class space    used 9352K, committed 9664K, reserved 1048576K
}
Event: 15.895 GC heap before
{Heap before GC invocations=37 (full 0):
 garbage-first heap   total 156672K, used 91133K [0x0000000080000000, 0x0000000100000000)
  region size 1024K, 11 young (11264K), 1 survivors (1024K)
 Metaspace       used 69313K, committed 70016K, reserved 1114112K
  class space    used 9372K, committed 9728K, reserved 1048576K
}
Event: 15.900 GC heap after
{Heap after GC invocations=38 (full 0):
 garbage-first heap   total 156672K, used 84036K [0x0000000080000000, 0x0000000100000000)
  region size 1024K, 3 young (3072K), 3 survivors (3072K)
 Metaspace       used 69313K, committed 70016K, reserved 1114112K
  class space    used 9372K, committed 9728K, reserved 1048576K
}
Event: 16.408 GC heap before
{Heap before GC invocations=39 (full 0):
 garbage-first heap   total 167936K, used 131140K [0x0000000080000000, 0x0000000100000000)
  region size 1024K, 37 young (37888K), 3 survivors (3072K)
 Metaspace       used 71098K, committed 71808K, reserved 1114112K
  class space    used 9610K, committed 9920K, reserved 1048576K
}
Event: 16.414 GC heap after
{Heap after GC invocations=40 (full 0):
 garbage-first heap   total 167936K, used 104858K [0x0000000080000000, 0x0000000100000000)
  region size 1024K, 5 young (5120K), 5 survivors (5120K)
 Metaspace       used 71098K, committed 71808K, reserved 1114112K
  class space    used 9610K, committed 9920K, reserved 1048576K
}
Event: 16.454 GC heap before
{Heap before GC invocations=40 (full 0):
 garbage-first heap   total 167936K, used 107930K [0x0000000080000000, 0x0000000100000000)
  region size 1024K, 8 young (8192K), 5 survivors (5120K)
 Metaspace       used 71344K, committed 72128K, reserved 1114112K
  class space    used 9649K, committed 9984K, reserved 1048576K
}
Event: 16.461 GC heap after
{Heap after GC invocations=41 (full 0):
 garbage-first heap   total 167936K, used 103782K [0x0000000080000000, 0x0000000100000000)
  region size 1024K, 1 young (1024K), 1 survivors (1024K)
 Metaspace       used 71344K, committed 72128K, reserved 1114112K
  class space    used 9649K, committed 9984K, reserved 1048576K
}
Event: 16.959 GC heap before
{Heap before GC invocations=41 (full 0):
 garbage-first heap   total 167936K, used 131430K [0x0000000080000000, 0x0000000100000000)
  region size 1024K, 29 young (29696K), 1 survivors (1024K)
 Metaspace       used 73852K, committed 74560K, reserved 1114112K
  class space    used 9933K, committed 10240K, reserved 1048576K
}
Event: 16.964 GC heap after
{Heap after GC invocations=42 (full 0):
 garbage-first heap   total 335872K, used 104359K [0x0000000080000000, 0x0000000100000000)
  region size 1024K, 1 young (1024K), 1 survivors (1024K)
 Metaspace       used 73852K, committed 74560K, reserved 1114112K
  class space    used 9933K, committed 10240K, reserved 1048576K
}

